TN:
SF:src\business\courseManager.ts
FN:5,(anonymous_16)
FN:5,(anonymous_17)
FN:12,(anonymous_18)
FN:12,(anonymous_19)
FNF:4
FNH:0
FNDA:0,(anonymous_16)
FNDA:0,(anonymous_17)
FNDA:0,(anonymous_18)
FNDA:0,(anonymous_19)
DA:3,0
DA:5,0
DA:6,0
DA:7,0
DA:9,0
DA:12,0
DA:13,0
LF:7
LH:0
BRDA:6,0,0,0
BRF:1
BRH:0
end_of_record
TN:
SF:src\business\academic\openCourse.business.ts
FN:6,(anonymous_7)
FN:10,(anonymous_9)
FN:14,(anonymous_11)
FN:26,(anonymous_13)
FN:47,(anonymous_15)
FN:60,(anonymous_17)
FN:64,(anonymous_19)
FN:71,(anonymous_21)
FN:89,(anonymous_23)
FN:119,(anonymous_24)
FNF:10
FNH:10
FNDA:2,(anonymous_7)
FNDA:9,(anonymous_9)
FNDA:3,(anonymous_11)
FNDA:2,(anonymous_13)
FNDA:2,(anonymous_15)
FNDA:1,(anonymous_17)
FNDA:3,(anonymous_19)
FNDA:3,(anonymous_21)
FNDA:4,(anonymous_23)
FNDA:2,(anonymous_24)
DA:2,1
DA:3,1
DA:5,1
DA:7,2
DA:11,9
DA:15,3
DA:16,3
DA:17,1
DA:21,2
DA:23,1
DA:27,2
DA:28,2
DA:29,1
DA:32,1
DA:33,1
DA:34,1
DA:35,0
DA:39,1
DA:41,0
DA:44,1
DA:48,2
DA:49,2
DA:50,0
DA:53,2
DA:54,2
DA:57,0
DA:61,1
DA:65,3
DA:66,2
DA:68,1
DA:72,3
DA:73,3
DA:74,0
DA:78,3
DA:79,1
DA:82,2
DA:83,1
DA:86,1
DA:90,4
DA:92,4
DA:93,4
DA:94,4
DA:95,4
DA:96,4
DA:97,0
DA:99,4
DA:100,0
DA:102,4
DA:104,0
DA:106,4
DA:107,4
DA:108,4
DA:109,4
DA:110,0
DA:112,4
DA:113,0
DA:116,4
DA:120,2
DA:122,2
DA:123,2
DA:124,2
DA:125,2
DA:126,1
DA:130,2
DA:131,2
DA:132,2
DA:133,2
DA:134,0
DA:138,2
DA:139,2
DA:140,2
DA:141,2
DA:142,0
DA:146,2
DA:147,1
LF:75
LH:63
BRDA:16,0,0,1
BRDA:28,1,0,1
BRDA:34,2,0,0
BRDA:39,3,0,0
BRDA:39,4,0,1
BRDA:39,4,1,1
BRDA:39,4,2,1
BRDA:39,4,3,1
BRDA:49,5,0,0
BRDA:53,6,0,2
BRDA:65,7,0,2
BRDA:65,8,0,3
BRDA:65,8,1,2
BRDA:73,9,0,0
BRDA:78,10,0,1
BRDA:78,11,0,3
BRDA:78,11,1,1
BRDA:82,12,0,1
BRDA:82,13,0,2
BRDA:82,13,1,2
BRDA:92,14,0,1
BRDA:93,15,0,0
BRDA:94,16,0,0
BRDA:95,17,0,0
BRDA:96,18,0,0
BRDA:96,19,0,4
BRDA:96,19,1,4
BRDA:99,20,0,0
BRDA:99,21,0,4
BRDA:99,21,1,4
BRDA:102,22,0,0
BRDA:102,23,0,4
BRDA:102,23,1,4
BRDA:102,23,2,1
BRDA:106,24,0,0
BRDA:107,25,0,0
BRDA:108,26,0,0
BRDA:109,27,0,0
BRDA:109,28,0,4
BRDA:109,28,1,4
BRDA:112,29,0,0
BRDA:112,30,0,4
BRDA:112,30,1,4
BRDA:122,31,0,2
BRDA:122,32,0,2
BRDA:122,32,1,2
BRDA:125,33,0,1
BRDA:130,34,0,2
BRDA:130,35,0,2
BRDA:130,35,1,2
BRDA:133,36,0,0
BRDA:138,37,0,2
BRDA:138,38,0,2
BRDA:138,38,1,2
BRDA:141,39,0,0
BRDA:146,40,0,1
BRF:56
BRH:39
end_of_record
TN:
SF:src\business\academic\program.business.ts
FN:8,(anonymous_16)
FN:17,(anonymous_18)
FN:27,(anonymous_20)
FN:55,(anonymous_22)
FN:89,(anonymous_24)
FN:98,(anonymous_26)
FN:117,(anonymous_27)
FN:142,(anonymous_29)
FN:147,(anonymous_30)
FNF:9
FNH:9
FNDA:2,(anonymous_16)
FNDA:4,(anonymous_18)
FNDA:2,(anonymous_20)
FNDA:2,(anonymous_22)
FNDA:2,(anonymous_24)
FNDA:4,(anonymous_26)
FNDA:2,(anonymous_27)
FNDA:2,(anonymous_29)
FNDA:4,(anonymous_30)
DA:2,1
DA:3,1
DA:4,1
DA:5,1
DA:7,1
DA:9,2
DA:10,2
DA:11,2
DA:13,1
DA:18,4
DA:19,4
DA:20,4
DA:21,4
DA:23,0
DA:28,2
DA:29,2
DA:30,1
DA:33,1
DA:34,1
DA:41,1
DA:49,1
DA:51,0
DA:56,2
DA:57,2
DA:58,1
DA:61,1
DA:62,1
DA:63,0
DA:66,1
DA:67,1
DA:74,1
DA:83,1
DA:85,0
DA:90,2
DA:91,2
DA:92,2
DA:94,1
DA:99,4
DA:101,4
DA:102,4
DA:103,4
DA:104,4
DA:105,0
DA:107,4
DA:108,1
DA:110,4
DA:111,1
DA:114,4
DA:118,2
DA:119,2
DA:120,2
DA:121,2
DA:122,2
DA:124,2
DA:125,2
DA:126,2
DA:127,2
DA:128,2
DA:129,1
DA:131,1
DA:133,1
DA:135,1
DA:136,1
DA:138,0
DA:143,2
DA:147,4
LF:66
LH:60
BRDA:21,0,0,4
BRDA:21,0,1,2
BRDA:29,1,0,1
BRDA:57,2,0,1
BRDA:62,3,0,0
BRDA:75,4,0,1
BRDA:75,4,1,1
BRDA:76,5,0,1
BRDA:76,5,1,1
BRDA:77,6,0,1
BRDA:77,6,1,1
BRDA:78,7,0,1
BRDA:78,7,1,1
BRDA:79,8,0,1
BRDA:79,8,1,0
BRDA:80,9,0,1
BRDA:80,9,1,0
BRDA:101,10,0,1
BRDA:102,11,0,0
BRDA:103,12,0,1
BRDA:104,13,0,0
BRDA:104,14,0,4
BRDA:104,14,1,4
BRDA:107,15,0,1
BRDA:107,16,0,4
BRDA:107,16,1,4
BRDA:110,17,0,1
BRDA:110,18,0,4
BRDA:110,18,1,4
BRDA:128,19,0,1
BRDA:135,20,0,1
BRF:31
BRH:26
end_of_record
TN:
SF:src\business\academic\studentSubjectReq.business.ts
FN:6,(anonymous_7)
FN:10,(anonymous_9)
FN:14,(anonymous_11)
FN:23,(anonymous_13)
FN:36,(anonymous_15)
FN:43,(anonymous_17)
FN:47,(anonymous_19)
FNF:7
FNH:7
FNDA:2,(anonymous_7)
FNDA:8,(anonymous_9)
FNDA:3,(anonymous_11)
FNDA:5,(anonymous_13)
FNDA:3,(anonymous_15)
FNDA:4,(anonymous_17)
FNDA:3,(anonymous_19)
DA:1,1
DA:2,1
DA:3,1
DA:5,1
DA:7,2
DA:11,8
DA:15,3
DA:16,3
DA:17,1
DA:20,2
DA:24,5
DA:25,5
DA:26,1
DA:29,4
DA:30,1
DA:33,3
DA:37,3
DA:38,1
DA:40,2
DA:44,4
DA:48,3
DA:50,3
DA:51,3
DA:52,3
DA:53,1
DA:55,3
DA:56,3
DA:57,3
DA:58,3
DA:59,3
DA:60,1
DA:63,3
LF:32
LH:32
BRDA:16,0,0,1
BRDA:25,1,0,1
BRDA:29,2,0,1
BRDA:37,3,0,1
BRDA:50,4,0,1
BRDA:51,5,0,1
BRDA:52,6,0,1
BRDA:52,7,0,3
BRDA:52,7,1,3
BRDA:55,8,0,1
BRDA:56,9,0,1
BRDA:57,10,0,1
BRDA:58,11,0,1
BRDA:59,12,0,1
BRDA:59,13,0,3
BRDA:59,13,1,3
BRF:16
BRH:16
end_of_record
TN:
SF:src\business\academic\subject.business.ts
FN:5,(anonymous_7)
FN:10,(anonymous_9)
FN:16,(anonymous_11)
FN:39,(anonymous_13)
FN:61,(anonymous_15)
FN:66,(anonymous_17)
FN:83,(anonymous_18)
FNF:7
FNH:7
FNDA:1,(anonymous_7)
FNDA:1,(anonymous_9)
FNDA:1,(anonymous_11)
FNDA:1,(anonymous_13)
FNDA:1,(anonymous_15)
FNDA:1,(anonymous_17)
FNDA:1,(anonymous_18)
DA:2,1
DA:4,1
DA:6,1
DA:7,1
DA:11,1
DA:12,1
DA:13,1
DA:17,1
DA:25,1
DA:36,1
DA:40,1
DA:48,1
DA:58,1
DA:62,1
DA:63,1
DA:67,1
DA:69,1
DA:70,1
DA:71,1
DA:72,1
DA:73,1
DA:74,1
DA:75,1
DA:76,1
DA:77,1
DA:78,1
DA:80,1
DA:84,1
DA:85,1
DA:91,1
DA:97,1
DA:98,1
DA:101,1
LF:33
LH:33
BRDA:13,0,0,1
BRDA:13,0,1,0
BRDA:69,1,0,1
BRDA:70,2,0,0
BRDA:71,3,0,1
BRDA:72,4,0,1
BRDA:73,5,0,1
BRDA:74,6,0,1
BRDA:75,7,0,1
BRDA:75,8,0,1
BRDA:75,8,1,0
BRDA:75,9,0,1
BRDA:75,9,1,1
BRDA:76,10,0,1
BRDA:76,11,0,1
BRDA:76,11,1,0
BRDA:76,12,0,1
BRDA:76,12,1,1
BRDA:77,13,0,1
BRDA:77,14,0,1
BRDA:77,14,1,0
BRDA:77,15,0,1
BRDA:77,15,1,1
BRDA:78,16,0,1
BRDA:78,17,0,1
BRDA:78,17,1,0
BRDA:78,18,0,1
BRDA:78,18,1,1
BRDA:92,19,0,0
BRDA:92,19,1,1
BRDA:92,20,0,1
BRDA:92,20,1,1
BRDA:93,21,0,0
BRDA:93,21,1,1
BRDA:93,22,0,1
BRDA:93,22,1,1
BRDA:94,23,0,0
BRDA:94,23,1,1
BRDA:94,24,0,1
BRDA:94,24,1,1
BRDA:97,25,0,1
BRF:41
BRH:32
end_of_record
TN:
SF:src\config\database.ts
FN:15,(anonymous_7)
FNF:1
FNH:0
FNDA:0,(anonymous_7)
DA:1,3
DA:3,3
DA:4,3
DA:16,0
DA:17,0
DA:18,0
DA:19,0
DA:21,0
LF:8
LH:3
BRDA:5,0,0,3
BRDA:5,0,1,3
BRDA:6,1,0,3
BRDA:6,1,1,3
BRDA:7,2,0,3
BRDA:7,2,1,3
BRDA:8,3,0,3
BRDA:8,3,1,3
BRDA:9,4,0,3
BRDA:9,4,1,3
BRF:10
BRH:10
end_of_record
TN:
SF:src\controllers\authController.ts
FN:26,(anonymous_8)
FN:26,(anonymous_9)
FN:28,(anonymous_10)
FN:35,(anonymous_11)
FN:35,(anonymous_12)
FNF:5
FNH:0
FNDA:0,(anonymous_8)
FNDA:0,(anonymous_9)
FNDA:0,(anonymous_10)
FNDA:0,(anonymous_11)
FNDA:0,(anonymous_12)
DA:3,0
DA:6,0
DA:7,0
DA:10,0
DA:18,0
DA:26,0
DA:28,0
DA:29,0
DA:32,0
DA:35,0
DA:36,0
DA:37,0
DA:39,0
DA:40,0
DA:42,0
DA:43,0
DA:46,0
DA:52,0
DA:59,0
DA:61,0
DA:73,0
LF:21
LH:0
BRDA:6,0,0,0
BRDA:6,0,1,0
BRDA:29,1,0,0
BRDA:29,1,1,0
BRDA:29,1,2,0
BRDA:32,2,0,0
BRDA:32,2,1,0
BRDA:37,3,0,0
BRDA:37,3,1,0
BRDA:42,4,0,0
BRDA:59,5,0,0
BRDA:59,5,1,0
BRF:12
BRH:0
end_of_record
TN:
SF:src\controllers\courseController.ts
FN:5,(anonymous_16)
FN:5,(anonymous_17)
FN:14,(anonymous_18)
FN:14,(anonymous_19)
FNF:4
FNH:0
FNDA:0,(anonymous_16)
FNDA:0,(anonymous_17)
FNDA:0,(anonymous_18)
FNDA:0,(anonymous_19)
DA:3,0
DA:5,0
DA:6,0
DA:7,0
DA:8,0
DA:10,0
DA:14,0
DA:15,0
DA:16,0
DA:17,0
DA:18,0
DA:20,0
LF:12
LH:0
BRF:0
BRH:0
end_of_record
TN:
SF:src\controllers\academic\openCourse.controller.ts
FN:8,(anonymous_7)
FN:22,(anonymous_9)
FN:47,(anonymous_11)
FN:64,(anonymous_13)
FN:87,(anonymous_15)
FN:109,(anonymous_17)
FN:129,(anonymous_19)
FN:154,(anonymous_21)
FNF:8
FNH:0
FNDA:0,(anonymous_7)
FNDA:0,(anonymous_9)
FNDA:0,(anonymous_11)
FNDA:0,(anonymous_13)
FNDA:0,(anonymous_15)
FNDA:0,(anonymous_17)
FNDA:0,(anonymous_19)
FNDA:0,(anonymous_21)
DA:2,0
DA:3,0
DA:4,0
DA:5,0
DA:7,0
DA:9,0
DA:10,0
DA:11,0
DA:13,0
DA:14,0
DA:15,0
DA:17,0
DA:23,0
DA:24,0
DA:25,0
DA:26,0
DA:27,0
DA:30,0
DA:31,0
DA:32,0
DA:33,0
DA:36,0
DA:38,0
DA:39,0
DA:40,0
DA:42,0
DA:48,0
DA:49,0
DA:50,0
DA:51,0
DA:53,0
DA:54,0
DA:55,0
DA:56,0
DA:57,0
DA:59,0
DA:65,0
DA:66,0
DA:67,0
DA:68,0
DA:69,0
DA:72,0
DA:73,0
DA:74,0
DA:76,0
DA:77,0
DA:78,0
DA:79,0
DA:80,0
DA:82,0
DA:88,0
DA:89,0
DA:90,0
DA:91,0
DA:92,0
DA:95,0
DA:96,0
DA:98,0
DA:99,0
DA:100,0
DA:101,0
DA:102,0
DA:104,0
DA:110,0
DA:111,0
DA:112,0
DA:113,0
DA:114,0
DA:117,0
DA:118,0
DA:120,0
DA:121,0
DA:122,0
DA:124,0
DA:130,0
DA:131,0
DA:132,0
DA:133,0
DA:134,0
DA:137,0
DA:141,0
DA:143,0
DA:144,0
DA:145,0
DA:146,0
DA:147,0
DA:149,0
DA:155,0
DA:156,0
DA:157,0
DA:158,0
DA:159,0
DA:162,0
DA:163,0
DA:164,0
DA:165,0
DA:168,0
DA:169,0
DA:171,0
DA:172,0
DA:173,0
DA:174,0
DA:175,0
DA:177,0
LF:104
LH:0
BRDA:14,0,0,0
BRDA:14,0,1,0
BRDA:25,1,0,0
BRDA:31,2,0,0
BRDA:39,3,0,0
BRDA:39,3,1,0
BRDA:54,4,0,0
BRDA:54,4,1,0
BRDA:56,5,0,0
BRDA:56,5,1,0
BRDA:67,6,0,0
BRDA:77,7,0,0
BRDA:77,7,1,0
BRDA:79,8,0,0
BRDA:79,8,1,0
BRDA:90,9,0,0
BRDA:99,10,0,0
BRDA:99,10,1,0
BRDA:101,11,0,0
BRDA:101,11,1,0
BRDA:112,12,0,0
BRDA:112,13,0,0
BRDA:112,13,1,0
BRDA:121,14,0,0
BRDA:121,14,1,0
BRDA:132,15,0,0
BRDA:132,16,0,0
BRDA:132,16,1,0
BRDA:144,17,0,0
BRDA:144,17,1,0
BRDA:146,18,0,0
BRDA:146,18,1,0
BRDA:157,19,0,0
BRDA:163,20,0,0
BRDA:163,21,0,0
BRDA:163,21,1,0
BRDA:172,22,0,0
BRDA:172,22,1,0
BRDA:174,23,0,0
BRDA:174,23,1,0
BRF:40
BRH:0
end_of_record
TN:
SF:src\controllers\academic\program.controller.ts
FN:9,(anonymous_17)
FN:12,(anonymous_18)
FN:19,(anonymous_19)
FN:30,(anonymous_20)
FN:39,(anonymous_22)
FN:52,(anonymous_24)
FN:62,(anonymous_26)
FN:73,(anonymous_28)
FN:83,(anonymous_30)
FN:84,(anonymous_32)
FN:84,(anonymous_33)
FNF:11
FNH:0
FNDA:0,(anonymous_17)
FNDA:0,(anonymous_18)
FNDA:0,(anonymous_19)
FNDA:0,(anonymous_20)
FNDA:0,(anonymous_22)
FNDA:0,(anonymous_24)
FNDA:0,(anonymous_26)
FNDA:0,(anonymous_28)
FNDA:0,(anonymous_30)
FNDA:0,(anonymous_32)
FNDA:0,(anonymous_33)
DA:2,0
DA:3,0
DA:4,0
DA:5,0
DA:8,0
DA:10,0
DA:13,0
DA:17,0
DA:20,0
DA:22,0
DA:24,0
DA:29,0
DA:31,0
DA:32,0
DA:33,0
DA:35,0
DA:40,0
DA:41,0
DA:42,0
DA:43,0
DA:44,0
DA:46,0
DA:48,0
DA:53,0
DA:54,0
DA:55,0
DA:56,0
DA:58,0
DA:63,0
DA:64,0
DA:65,0
DA:66,0
DA:67,0
DA:69,0
DA:74,0
DA:75,0
DA:76,0
DA:77,0
DA:79,0
DA:84,0
DA:85,0
DA:86,0
DA:89,0
DA:90,0
DA:93,0
DA:94,0
DA:95,0
DA:96,0
DA:97,0
DA:100,0
DA:101,0
DA:103,0
LF:52
LH:0
BRDA:20,0,0,0
BRDA:20,0,1,0
BRDA:20,1,0,0
BRDA:20,1,1,0
BRDA:43,2,0,0
BRDA:85,3,0,0
BRDA:89,4,0,0
BRF:7
BRH:0
end_of_record
TN:
SF:src\controllers\academic\studentSubjectReq.controller.ts
FN:6,(anonymous_7)
FN:15,(anonymous_9)
FN:28,(anonymous_11)
FN:38,(anonymous_13)
FN:60,(anonymous_15)
FN:70,(anonymous_17)
FNF:6
FNH:0
FNDA:0,(anonymous_7)
FNDA:0,(anonymous_9)
FNDA:0,(anonymous_11)
FNDA:0,(anonymous_13)
FNDA:0,(anonymous_15)
FNDA:0,(anonymous_17)
DA:2,0
DA:3,0
DA:5,0
DA:7,0
DA:8,0
DA:9,0
DA:11,0
DA:16,0
DA:17,0
DA:18,0
DA:19,0
DA:20,0
DA:22,0
DA:24,0
DA:29,0
DA:30,0
DA:31,0
DA:32,0
DA:34,0
DA:39,0
DA:40,0
DA:41,0
DA:43,0
DA:44,0
DA:50,0
DA:54,0
DA:56,0
DA:61,0
DA:62,0
DA:63,0
DA:64,0
DA:66,0
DA:71,0
DA:72,0
DA:73,0
DA:74,0
DA:80,0
DA:81,0
DA:83,0
LF:39
LH:0
BRDA:19,0,0,0
BRDA:43,1,0,0
BRDA:73,2,0,0
BRF:3
BRH:0
end_of_record
TN:
SF:src\controllers\academic\subject.controller.ts
FN:5,(anonymous_7)
FN:14,(anonymous_9)
FN:27,(anonymous_11)
FN:63,(anonymous_13)
FN:74,(anonymous_15)
FNF:5
FNH:0
FNDA:0,(anonymous_7)
FNDA:0,(anonymous_9)
FNDA:0,(anonymous_11)
FNDA:0,(anonymous_13)
FNDA:0,(anonymous_15)
DA:2,0
DA:4,0
DA:6,0
DA:7,0
DA:8,0
DA:10,0
DA:15,0
DA:16,0
DA:17,0
DA:18,0
DA:19,0
DA:21,0
DA:23,0
DA:28,0
DA:29,0
DA:32,0
DA:33,0
DA:34,0
DA:42,0
DA:43,0
DA:44,0
DA:51,0
DA:52,0
DA:54,0
DA:55,0
DA:64,0
DA:65,0
DA:66,0
DA:67,0
DA:68,0
DA:70,0
DA:75,0
DA:76,0
DA:77,0
DA:78,0
DA:80,0
LF:36
LH:0
BRDA:18,0,0,0
BRDA:33,1,0,0
BRDA:43,2,0,0
BRDA:58,3,0,0
BRDA:58,3,1,0
BRF:5
BRH:0
end_of_record
TN:
SF:src\middleware\auth.ts
FN:21,(anonymous_1)
FN:43,(anonymous_2)
FN:44,(anonymous_3)
FNF:3
FNH:0
FNDA:0,(anonymous_1)
FNDA:0,(anonymous_2)
FNDA:0,(anonymous_3)
DA:3,0
DA:5,0
DA:21,0
DA:24,0
DA:27,0
DA:28,0
DA:29,0
DA:32,0
DA:33,0
DA:34,0
DA:35,0
DA:37,0
DA:38,0
DA:43,0
DA:44,0
DA:45,0
DA:46,0
DA:47,0
DA:50,0
DA:51,0
DA:53,0
LF:21
LH:0
BRDA:5,0,0,0
BRDA:5,0,1,0
BRDA:24,1,0,0
BRDA:24,1,1,0
BRDA:24,1,2,0
BRDA:25,2,0,0
BRDA:25,2,1,0
BRDA:25,3,0,0
BRDA:25,3,1,0
BRDA:27,4,0,0
BRDA:45,5,0,0
BRDA:50,6,0,0
BRDA:50,6,1,0
BRF:13
BRH:0
end_of_record
TN:
SF:src\middleware\subjectValidation.ts
FN:3,(anonymous_0)
FNF:1
FNH:0
FNDA:0,(anonymous_0)
DA:3,0
DA:4,0
DA:6,0
DA:7,0
DA:8,0
DA:9,0
DA:10,0
DA:11,0
DA:12,0
DA:14,0
DA:15,0
DA:17,0
DA:18,0
DA:19,0
DA:20,0
DA:23,0
DA:24,0
DA:29,0
DA:32,0
LF:19
LH:0
BRDA:7,0,0,0
BRDA:8,1,0,0
BRDA:9,2,0,0
BRDA:10,3,0,0
BRDA:11,4,0,0
BRDA:12,5,0,0
BRDA:14,6,0,0
BRDA:14,6,1,0
BRDA:17,7,0,0
BRDA:18,8,0,0
BRDA:19,9,0,0
BRDA:20,10,0,0
BRDA:23,11,0,0
BRF:13
BRH:0
end_of_record
TN:
SF:src\models\academic_related\studentSubjectReq.ts
FN:1,(anonymous_0)
FN:6,(anonymous_1)
FNF:2
FNH:2
FNDA:1,(anonymous_0)
FNDA:1,(anonymous_1)
DA:1,1
DA:2,1
DA:3,1
DA:6,1
DA:7,1
DA:8,1
DA:9,1
LF:7
LH:7
BRDA:1,0,0,1
BRDA:1,0,1,1
BRDA:6,1,0,1
BRDA:6,1,1,1
BRF:4
BRH:4
end_of_record
TN:
SF:src\routes\academic.routes.ts
FN:14,(anonymous_0)
FN:18,(anonymous_1)
FN:22,(anonymous_2)
FN:26,(anonymous_3)
FN:31,(anonymous_4)
FN:32,(anonymous_5)
FN:38,(anonymous_6)
FN:39,(anonymous_7)
FN:45,(anonymous_8)
FN:46,(anonymous_9)
FN:52,(anonymous_10)
FN:53,(anonymous_11)
FN:59,(anonymous_12)
FN:60,(anonymous_13)
FNF:14
FNH:0
FNDA:0,(anonymous_0)
FNDA:0,(anonymous_1)
FNDA:0,(anonymous_2)
FNDA:0,(anonymous_3)
FNDA:0,(anonymous_4)
FNDA:0,(anonymous_5)
FNDA:0,(anonymous_6)
FNDA:0,(anonymous_7)
FNDA:0,(anonymous_8)
FNDA:0,(anonymous_9)
FNDA:0,(anonymous_10)
FNDA:0,(anonymous_11)
FNDA:0,(anonymous_12)
FNDA:0,(anonymous_13)
DA:2,0
DA:3,0
DA:4,0
DA:5,0
DA:8,0
DA:11,0
DA:14,0
DA:15,0
DA:18,0
DA:19,0
DA:22,0
DA:23,0
DA:26,0
DA:27,0
DA:31,0
DA:32,0
DA:33,0
DA:34,0
DA:38,0
DA:39,0
DA:40,0
DA:41,0
DA:45,0
DA:46,0
DA:47,0
DA:48,0
DA:52,0
DA:53,0
DA:54,0
DA:55,0
DA:59,0
DA:60,0
DA:61,0
DA:62,0
DA:66,0
LF:35
LH:0
BRF:0
BRH:0
end_of_record
TN:
SF:src\routes\admin.routes.ts
FN:11,(anonymous_0)
FN:12,(anonymous_1)
FN:13,(anonymous_2)
FNF:3
FNH:0
FNDA:0,(anonymous_0)
FNDA:0,(anonymous_1)
FNDA:0,(anonymous_2)
DA:2,0
DA:3,0
DA:5,0
DA:8,0
DA:11,0
DA:12,0
DA:13,0
DA:15,0
LF:8
LH:0
BRF:0
BRH:0
end_of_record
TN:
SF:src\routes\auth.routes.ts
FNF:0
FNH:0
DA:2,0
DA:3,0
DA:5,0
DA:8,0
DA:10,0
LF:5
LH:0
BRF:0
BRH:0
end_of_record
TN:
SF:src\routes\financial.routes.ts
FN:11,(anonymous_0)
FN:12,(anonymous_1)
FN:13,(anonymous_2)
FNF:3
FNH:0
FNDA:0,(anonymous_0)
FNDA:0,(anonymous_1)
FNDA:0,(anonymous_2)
DA:2,0
DA:3,0
DA:5,0
DA:8,0
DA:11,0
DA:12,0
DA:13,0
DA:15,0
LF:8
LH:0
BRF:0
BRH:0
end_of_record
TN:
SF:src\routes\protected.routes.ts
FN:8,(anonymous_0)
FNF:1
FNH:0
FNDA:0,(anonymous_0)
DA:2,0
DA:3,0
DA:5,0
DA:8,0
DA:9,0
DA:12,0
LF:6
LH:0
BRF:0
BRH:0
end_of_record
TN:
SF:src\routes\student.routes.ts
FN:11,(anonymous_0)
FN:12,(anonymous_1)
FN:13,(anonymous_2)
FN:14,(anonymous_3)
FN:15,(anonymous_4)
FNF:5
FNH:0
FNDA:0,(anonymous_0)
FNDA:0,(anonymous_1)
FNDA:0,(anonymous_2)
FNDA:0,(anonymous_3)
FNDA:0,(anonymous_4)
DA:2,0
DA:3,0
DA:5,0
DA:8,0
DA:11,0
DA:12,0
DA:13,0
DA:14,0
DA:15,0
DA:17,0
LF:10
LH:0
BRF:0
BRH:0
end_of_record
TN:
SF:src\routes\academic\openCourse.routes.ts
FNF:0
FNH:0
DA:1,0
DA:2,0
DA:4,0
DA:7,0
DA:10,0
DA:13,0
DA:16,0
DA:19,0
DA:22,0
DA:25,0
DA:28,0
DA:30,0
LF:12
LH:0
BRF:0
BRH:0
end_of_record
TN:
SF:src\routes\academic\studentSubjectReq.routes.ts
FNF:0
FNH:0
DA:1,0
DA:2,0
DA:4,0
DA:7,0
DA:10,0
DA:13,0
DA:16,0
DA:19,0
DA:22,0
DA:24,0
LF:10
LH:0
BRF:0
BRH:0
end_of_record
TN:
SF:src\services\courseService.ts
FN:9,(anonymous_7)
FN:9,(anonymous_8)
FN:14,(anonymous_9)
FN:14,(anonymous_10)
FNF:4
FNH:0
FNDA:0,(anonymous_7)
FNDA:0,(anonymous_8)
FNDA:0,(anonymous_9)
FNDA:0,(anonymous_10)
DA:4,0
DA:9,0
DA:11,0
DA:14,0
DA:15,0
DA:16,0
LF:6
LH:0
BRF:0
BRH:0
end_of_record
TN:
SF:src\services\openCourse.service.ts
FN:6,(anonymous_7)
FN:15,(anonymous_9)
FN:25,(anonymous_11)
FN:61,(anonymous_13)
FN:113,(anonymous_15)
FN:122,(anonymous_17)
FN:131,(anonymous_19)
FN:140,(anonymous_21)
FNF:8
FNH:0
FNDA:0,(anonymous_7)
FNDA:0,(anonymous_9)
FNDA:0,(anonymous_11)
FNDA:0,(anonymous_13)
FNDA:0,(anonymous_15)
FNDA:0,(anonymous_17)
FNDA:0,(anonymous_19)
FNDA:0,(anonymous_21)
DA:2,1
DA:3,1
DA:5,1
DA:7,0
DA:8,0
DA:9,0
DA:11,0
DA:16,0
DA:17,0
DA:18,0
DA:19,0
DA:21,0
DA:26,0
DA:27,0
DA:37,0
DA:55,0
DA:57,0
DA:62,0
DA:63,0
DA:85,0
DA:104,0
DA:105,0
DA:107,0
DA:109,0
DA:114,0
DA:115,0
DA:116,0
DA:118,0
DA:123,0
DA:124,0
DA:125,0
DA:127,0
DA:132,0
DA:133,0
DA:134,0
DA:136,0
DA:141,0
DA:142,0
DA:149,0
DA:150,0
DA:151,0
DA:153,0
DA:155,0
LF:43
LH:3
BRDA:19,0,0,0
BRDA:19,0,1,0
BRDA:100,1,0,0
BRDA:100,1,1,0
BRDA:104,2,0,0
BRDA:150,3,0,0
BRF:6
BRH:0
end_of_record
TN:
SF:src\services\program.service.ts
FN:6,(anonymous_7)
FN:15,(anonymous_9)
FN:25,(anonymous_11)
FN:48,(anonymous_13)
FN:72,(anonymous_15)
FNF:5
FNH:0
FNDA:0,(anonymous_7)
FNDA:0,(anonymous_9)
FNDA:0,(anonymous_11)
FNDA:0,(anonymous_13)
FNDA:0,(anonymous_15)
DA:2,0
DA:3,0
DA:5,0
DA:7,0
DA:8,0
DA:9,0
DA:11,0
DA:16,0
DA:17,0
DA:18,0
DA:19,0
DA:21,0
DA:26,0
DA:27,0
DA:34,0
DA:42,0
DA:44,0
DA:49,0
DA:50,0
DA:57,0
DA:66,0
DA:68,0
DA:73,0
DA:74,0
DA:75,0
DA:77,0
LF:26
LH:0
BRDA:19,0,0,0
BRDA:19,0,1,0
BRF:2
BRH:0
end_of_record
TN:
SF:src\services\studentSubjectReq.service.ts
FN:6,(anonymous_7)
FN:15,(anonymous_9)
FN:25,(anonymous_11)
FN:50,(anonymous_13)
FN:68,(anonymous_15)
FN:77,(anonymous_17)
FNF:6
FNH:6
FNDA:2,(anonymous_7)
FNDA:8,(anonymous_9)
FNDA:2,(anonymous_11)
FNDA:3,(anonymous_13)
FNDA:2,(anonymous_15)
FNDA:4,(anonymous_17)
DA:2,1
DA:3,1
DA:5,1
DA:7,2
DA:8,2
DA:9,2
DA:11,1
DA:16,8
DA:17,8
DA:18,8
DA:19,7
DA:21,1
DA:26,2
DA:27,2
DA:34,2
DA:44,1
DA:46,1
DA:51,3
DA:52,3
DA:58,3
DA:59,2
DA:60,0
DA:62,2
DA:64,1
DA:69,2
DA:70,2
DA:71,2
DA:73,1
DA:78,4
DA:79,4
DA:80,4
DA:82,1
LF:32
LH:31
BRDA:19,0,0,7
BRDA:19,0,1,2
BRDA:59,1,0,0
BRF:3
BRH:2
end_of_record
TN:
SF:src\test\mocks\database.mock.ts
FN:49,(anonymous_7)
FN:57,(anonymous_9)
FN:71,(anonymous_10)
FN:84,(anonymous_11)
FNF:4
FNH:0
FNDA:0,(anonymous_7)
FNDA:0,(anonymous_9)
FNDA:0,(anonymous_10)
FNDA:0,(anonymous_11)
DA:4,0
DA:46,0
DA:47,0
DA:50,0
DA:52,0
DA:53,0
DA:55,0
DA:56,0
DA:57,0
DA:59,0
DA:60,0
DA:66,0
DA:67,0
DA:69,0
DA:70,0
DA:71,0
DA:72,0
DA:73,0
DA:78,0
DA:80,0
DA:82,0
DA:83,0
DA:84,0
DA:85,0
DA:87,0
LF:25
LH:0
BRDA:50,0,0,0
BRDA:52,1,0,0
BRDA:55,2,0,0
BRDA:59,3,0,0
BRDA:69,4,0,0
BRDA:72,5,0,0
BRDA:82,6,0,0
BRF:7
BRH:0
end_of_record
TN:
SF:src\utils\errors\database.error.ts
FN:2,(anonymous_0)
FNF:1
FNH:1
FNDA:9,(anonymous_0)
DA:1,4
DA:3,9
DA:4,9
LF:3
LH:3
BRF:0
BRH:0
end_of_record
TN:
SF:src\utils\errors\validation.error.ts
FN:2,(anonymous_0)
FNF:1
FNH:1
FNDA:16,(anonymous_0)
DA:1,3
DA:3,16
DA:4,16
LF:3
LH:3
BRF:0
BRH:0
end_of_record
